<?xml version="1.0" encoding="UTF-8"?>
<testsuite xmlns:xsi="http://www.w3.org/2001/XMLSchema-instance" xsi:noNamespaceSchemaLocation="https://maven.apache.org/surefire/maven-surefire-plugin/xsd/surefire-test-report.xsd" name="com.njonecompany.web.TestWelcome" time="0.369" tests="1" errors="0" skipped="0" failures="0">
  <properties>
    <property name="java.specification.version" value="17"/>
    <property name="sun.jnu.encoding" value="UTF-8"/>
    <property name="java.class.path" value="/Users/junyss/Programming/study/Inflearn/Jenkins_study/JunyHarang-Maven-Test-Project/target/test-classes:/Users/junyss/Programming/study/Inflearn/Jenkins_study/JunyHarang-Maven-Test-Project/target/classes:/Users/junyss/.m2/repository/org/springframework/spring-webmvc/5.3.22/spring-webmvc-5.3.22.jar:/Users/junyss/.m2/repository/org/springframework/spring-aop/5.3.22/spring-aop-5.3.22.jar:/Users/junyss/.m2/repository/org/springframework/spring-beans/5.3.22/spring-beans-5.3.22.jar:/Users/junyss/.m2/repository/org/springframework/spring-context/5.3.22/spring-context-5.3.22.jar:/Users/junyss/.m2/repository/org/springframework/spring-core/5.3.22/spring-core-5.3.22.jar:/Users/junyss/.m2/repository/org/springframework/spring-jcl/5.3.22/spring-jcl-5.3.22.jar:/Users/junyss/.m2/repository/org/springframework/spring-expression/5.3.22/spring-expression-5.3.22.jar:/Users/junyss/.m2/repository/org/springframework/spring-web/5.3.22/spring-web-5.3.22.jar:/Users/junyss/.m2/repository/org/springframework/spring-test/5.3.22/spring-test-5.3.22.jar:/Users/junyss/.m2/repository/ch/qos/logback/logback-classic/1.2.3/logback-classic-1.2.3.jar:/Users/junyss/.m2/repository/ch/qos/logback/logback-core/1.2.3/logback-core-1.2.3.jar:/Users/junyss/.m2/repository/org/slf4j/slf4j-api/1.7.25/slf4j-api-1.7.25.jar:/Users/junyss/.m2/repository/org/junit/jupiter/junit-jupiter-engine/5.3.1/junit-jupiter-engine-5.3.1.jar:/Users/junyss/.m2/repository/org/apiguardian/apiguardian-api/1.0.0/apiguardian-api-1.0.0.jar:/Users/junyss/.m2/repository/org/junit/platform/junit-platform-engine/1.3.1/junit-platform-engine-1.3.1.jar:/Users/junyss/.m2/repository/org/junit/platform/junit-platform-commons/1.3.1/junit-platform-commons-1.3.1.jar:/Users/junyss/.m2/repository/org/opentest4j/opentest4j/1.1.1/opentest4j-1.1.1.jar:/Users/junyss/.m2/repository/org/junit/jupiter/junit-jupiter-api/5.3.1/junit-jupiter-api-5.3.1.jar:/Users/junyss/.m2/repository/org/hamcrest/hamcrest-library/1.3/hamcrest-library-1.3.jar:/Users/junyss/.m2/repository/org/hamcrest/hamcrest-core/1.3/hamcrest-core-1.3.jar:/Users/junyss/.m2/repository/javax/servlet/javax.servlet-api/3.1.0/javax.servlet-api-3.1.0.jar:/Users/junyss/.m2/repository/javax/servlet/jstl/1.2/jstl-1.2.jar:/Users/junyss/.m2/repository/javax/servlet/jsp/javax.servlet.jsp-api/2.3.1/javax.servlet.jsp-api-2.3.1.jar:"/>
    <property name="java.vm.vendor" value="Amazon.com Inc."/>
    <property name="sun.arch.data.model" value="64"/>
    <property name="java.vendor.url" value="https://aws.amazon.com/corretto/"/>
    <property name="os.name" value="Mac OS X"/>
    <property name="java.vm.specification.version" value="17"/>
    <property name="sun.java.launcher" value="SUN_STANDARD"/>
    <property name="user.country" value="KR"/>
    <property name="sun.boot.library.path" value="/Users/junyss/Library/Java/JavaVirtualMachines/corretto-17.0.4/Contents/Home/lib"/>
    <property name="sun.java.command" value="/Users/junyss/Programming/study/Inflearn/Jenkins_study/JunyHarang-Maven-Test-Project/target/surefire/surefirebooter2162404511033138491.jar /Users/junyss/Programming/study/Inflearn/Jenkins_study/JunyHarang-Maven-Test-Project/target/surefire 2022-09-15T23-11-17_343-jvmRun1 surefire17382518706629418774tmp surefire_015507199531236785883tmp"/>
    <property name="http.nonProxyHosts" value="local|*.local|169.254/16|*.169.254/16|localhost|*.localhost|127.0.0.1:21300|*.127.0.0.1:21300"/>
    <property name="jdk.debug" value="release"/>
    <property name="surefire.test.class.path" value="/Users/junyss/Programming/study/Inflearn/Jenkins_study/JunyHarang-Maven-Test-Project/target/test-classes:/Users/junyss/Programming/study/Inflearn/Jenkins_study/JunyHarang-Maven-Test-Project/target/classes:/Users/junyss/.m2/repository/org/springframework/spring-webmvc/5.3.22/spring-webmvc-5.3.22.jar:/Users/junyss/.m2/repository/org/springframework/spring-aop/5.3.22/spring-aop-5.3.22.jar:/Users/junyss/.m2/repository/org/springframework/spring-beans/5.3.22/spring-beans-5.3.22.jar:/Users/junyss/.m2/repository/org/springframework/spring-context/5.3.22/spring-context-5.3.22.jar:/Users/junyss/.m2/repository/org/springframework/spring-core/5.3.22/spring-core-5.3.22.jar:/Users/junyss/.m2/repository/org/springframework/spring-jcl/5.3.22/spring-jcl-5.3.22.jar:/Users/junyss/.m2/repository/org/springframework/spring-expression/5.3.22/spring-expression-5.3.22.jar:/Users/junyss/.m2/repository/org/springframework/spring-web/5.3.22/spring-web-5.3.22.jar:/Users/junyss/.m2/repository/org/springframework/spring-test/5.3.22/spring-test-5.3.22.jar:/Users/junyss/.m2/repository/ch/qos/logback/logback-classic/1.2.3/logback-classic-1.2.3.jar:/Users/junyss/.m2/repository/ch/qos/logback/logback-core/1.2.3/logback-core-1.2.3.jar:/Users/junyss/.m2/repository/org/slf4j/slf4j-api/1.7.25/slf4j-api-1.7.25.jar:/Users/junyss/.m2/repository/org/junit/jupiter/junit-jupiter-engine/5.3.1/junit-jupiter-engine-5.3.1.jar:/Users/junyss/.m2/repository/org/apiguardian/apiguardian-api/1.0.0/apiguardian-api-1.0.0.jar:/Users/junyss/.m2/repository/org/junit/platform/junit-platform-engine/1.3.1/junit-platform-engine-1.3.1.jar:/Users/junyss/.m2/repository/org/junit/platform/junit-platform-commons/1.3.1/junit-platform-commons-1.3.1.jar:/Users/junyss/.m2/repository/org/opentest4j/opentest4j/1.1.1/opentest4j-1.1.1.jar:/Users/junyss/.m2/repository/org/junit/jupiter/junit-jupiter-api/5.3.1/junit-jupiter-api-5.3.1.jar:/Users/junyss/.m2/repository/org/hamcrest/hamcrest-library/1.3/hamcrest-library-1.3.jar:/Users/junyss/.m2/repository/org/hamcrest/hamcrest-core/1.3/hamcrest-core-1.3.jar:/Users/junyss/.m2/repository/javax/servlet/javax.servlet-api/3.1.0/javax.servlet-api-3.1.0.jar:/Users/junyss/.m2/repository/javax/servlet/jstl/1.2/jstl-1.2.jar:/Users/junyss/.m2/repository/javax/servlet/jsp/javax.servlet.jsp-api/2.3.1/javax.servlet.jsp-api-2.3.1.jar:"/>
    <property name="sun.cpu.endian" value="little"/>
    <property name="user.home" value="/Users/junyss"/>
    <property name="user.language" value="ko"/>
    <property name="java.specification.vendor" value="Oracle Corporation"/>
    <property name="java.version.date" value="2022-07-19"/>
    <property name="java.home" value="/Users/junyss/Library/Java/JavaVirtualMachines/corretto-17.0.4/Contents/Home"/>
    <property name="file.separator" value="/"/>
    <property name="basedir" value="/Users/junyss/Programming/study/Inflearn/Jenkins_study/JunyHarang-Maven-Test-Project"/>
    <property name="java.vm.compressedOopsMode" value="Zero based"/>
    <property name="line.separator" value="&#10;"/>
    <property name="java.vm.specification.vendor" value="Oracle Corporation"/>
    <property name="java.specification.name" value="Java Platform API Specification"/>
    <property name="surefire.real.class.path" value="/Users/junyss/Programming/study/Inflearn/Jenkins_study/JunyHarang-Maven-Test-Project/target/surefire/surefirebooter2162404511033138491.jar"/>
    <property name="sun.management.compiler" value="HotSpot 64-Bit Tiered Compilers"/>
    <property name="ftp.nonProxyHosts" value="local|*.local|169.254/16|*.169.254/16|localhost|*.localhost|127.0.0.1:21300|*.127.0.0.1:21300"/>
    <property name="java.runtime.version" value="17.0.4+8-LTS"/>
    <property name="user.name" value="junyss"/>
    <property name="path.separator" value=":"/>
    <property name="os.version" value="12.6"/>
    <property name="java.runtime.name" value="OpenJDK Runtime Environment"/>
    <property name="file.encoding" value="UTF-8"/>
    <property name="java.vm.name" value="OpenJDK 64-Bit Server VM"/>
    <property name="skipTests" value="ture"/>
    <property name="java.vendor.version" value="Corretto-17.0.4.8.1"/>
    <property name="localRepository" value="/Users/junyss/.m2/repository"/>
    <property name="java.vendor.url.bug" value="https://github.com/corretto/corretto-17/issues/"/>
    <property name="java.io.tmpdir" value="/var/folders/ps/h4sy04n95b76w4qhczt53rvr0000gn/T/"/>
    <property name="java.version" value="17.0.4"/>
    <property name="user.dir" value="/Users/junyss/Programming/study/Inflearn/Jenkins_study/JunyHarang-Maven-Test-Project"/>
    <property name="os.arch" value="aarch64"/>
    <property name="java.vm.specification.name" value="Java Virtual Machine Specification"/>
    <property name="native.encoding" value="UTF-8"/>
    <property name="java.library.path" value="/Users/junyss/Library/Java/Extensions:/Library/Java/Extensions:/Network/Library/Java/Extensions:/System/Library/Java/Extensions:/usr/lib/java:."/>
    <property name="java.vm.info" value="mixed mode, sharing"/>
    <property name="java.vendor" value="Amazon.com Inc."/>
    <property name="java.vm.version" value="17.0.4+8-LTS"/>
    <property name="sun.io.unicode.encoding" value="UnicodeBig"/>
    <property name="socksNonProxyHosts" value="local|*.local|169.254/16|*.169.254/16|localhost|*.localhost|127.0.0.1:21300|*.127.0.0.1:21300"/>
    <property name="java.class.version" value="61.0"/>
  </properties>
  <testcase name="testWelcome" classname="com.njonecompany.web.TestWelcome" time="0.032"/>
</testsuite>